[debug] [2024-01-23T10:25:02.303Z] ----------------------------------------------------------------------
[debug] [2024-01-23T10:25:02.306Z] Command:       C:\Program Files\nodejs\node.exe C:\Users\Usuario\AppData\Roaming\npm\node_modules\firebase-tools\lib\bin\firebase.js deploy
[debug] [2024-01-23T10:25:02.306Z] CLI Version:   13.0.3
[debug] [2024-01-23T10:25:02.306Z] Platform:      win32
[debug] [2024-01-23T10:25:02.307Z] Node Version:  v20.11.0
[debug] [2024-01-23T10:25:02.307Z] Time:          Tue Jan 23 2024 11:25:02 GMT+0100 (hora estándar de Europa central)
[debug] [2024-01-23T10:25:02.307Z] ----------------------------------------------------------------------
[debug] 
[debug] [2024-01-23T10:25:02.383Z] > command requires scopes: ["email","openid","https://www.googleapis.com/auth/cloudplatformprojects.readonly","https://www.googleapis.com/auth/firebase","https://www.googleapis.com/auth/cloud-platform"]
[debug] [2024-01-23T10:25:02.383Z] > authorizing via signed-in user (nach.rui.per.01@gmail.com)
[debug] [2024-01-23T10:25:02.383Z] [iam] checking project ruizperezignacio-porfolio for permissions ["firebase.projects.get","firebasehosting.sites.update"]
[debug] [2024-01-23T10:25:02.389Z] > refreshing access token with scopes: []
[debug] [2024-01-23T10:25:02.391Z] >>> [apiv2][query] POST https://www.googleapis.com/oauth2/v3/token [none]
[debug] [2024-01-23T10:25:02.391Z] >>> [apiv2][body] POST https://www.googleapis.com/oauth2/v3/token [omitted]
[debug] [2024-01-23T10:25:02.444Z] *** [apiv2] error from fetch(https://www.googleapis.com/oauth2/v3/token, {"headers":{},"method":"POST","body":{"_overheadLength":545,"_valueLength":212,"_valuesToMeasure":[],"writable":false,"readable":true,"dataSize":0,"maxDataSize":2097152,"pauseStreams":true,"_released":true,"_streams":[],"_currentStream":null,"_insideLoop":false,"_pendingNext":false,"_boundary":"--------------------------222669360727860622828016","_events":{},"_eventsCount":1}}): FetchError: request to https://www.googleapis.com/oauth2/v3/token failed, reason: getaddrinfo ENOTFOUND www.googleapis.com
[debug] [2024-01-23T10:25:02.444Z] [iam] error while checking permissions, command may fail: FirebaseError: Authentication Error: Your credentials are no longer valid. Please run firebase login --reauth

For CI servers and headless environments, generate a new token with firebase login:ci
[debug] [2024-01-23T10:25:02.445Z] > refreshing access token with scopes: []
[debug] [2024-01-23T10:25:02.445Z] >>> [apiv2][query] POST https://www.googleapis.com/oauth2/v3/token [none]
[debug] [2024-01-23T10:25:02.445Z] >>> [apiv2][body] POST https://www.googleapis.com/oauth2/v3/token [omitted]
[debug] [2024-01-23T10:25:02.450Z] *** [apiv2] error from fetch(https://www.googleapis.com/oauth2/v3/token, {"headers":{},"method":"POST","body":{"_overheadLength":545,"_valueLength":212,"_valuesToMeasure":[],"writable":false,"readable":true,"dataSize":0,"maxDataSize":2097152,"pauseStreams":true,"_released":true,"_streams":[],"_currentStream":null,"_insideLoop":false,"_pendingNext":false,"_boundary":"--------------------------669087848750493133812660","_events":{},"_eventsCount":1}}): FetchError: request to https://www.googleapis.com/oauth2/v3/token failed, reason: getaddrinfo ENOTFOUND www.googleapis.com
[debug] [2024-01-23T10:25:02.450Z] Authentication Error: Your credentials are no longer valid. Please run firebase login --reauth

For CI servers and headless environments, generate a new token with firebase login:ci
[error] 
[error] Error: Assertion failed: resolving hosting target of a site with no site name or target name. This should have caused an error earlier
[debug] [2024-01-23T10:25:32.382Z] ----------------------------------------------------------------------
[debug] [2024-01-23T10:25:32.384Z] Command:       C:\Program Files\nodejs\node.exe C:\Users\Usuario\AppData\Roaming\npm\node_modules\firebase-tools\lib\bin\firebase.js init hosting
[debug] [2024-01-23T10:25:32.385Z] CLI Version:   13.0.3
[debug] [2024-01-23T10:25:32.385Z] Platform:      win32
[debug] [2024-01-23T10:25:32.385Z] Node Version:  v20.11.0
[debug] [2024-01-23T10:25:32.385Z] Time:          Tue Jan 23 2024 11:25:32 GMT+0100 (hora estándar de Europa central)
[debug] [2024-01-23T10:25:32.385Z] ----------------------------------------------------------------------
[debug] 
[debug] [2024-01-23T10:25:32.460Z] > command requires scopes: ["email","openid","https://www.googleapis.com/auth/cloudplatformprojects.readonly","https://www.googleapis.com/auth/firebase","https://www.googleapis.com/auth/cloud-platform"]
[debug] [2024-01-23T10:25:32.461Z] > authorizing via signed-in user (nach.rui.per.01@gmail.com)
[info] 
     ######## #### ########  ######## ########     ###     ######  ########
     ##        ##  ##     ## ##       ##     ##  ##   ##  ##       ##
     ######    ##  ########  ######   ########  #########  ######  ######
     ##        ##  ##    ##  ##       ##     ## ##     ##       ## ##
     ##       #### ##     ## ######## ########  ##     ##  ######  ########

You're about to initialize a Firebase project in this directory:

  C:\Users\Usuario\Documents\Cursos\Angular\porfolio

Before we get started, keep in mind:

  * You are initializing within an existing Firebase project directory

[info] 
=== Project Setup
[info] 
[info] First, let's associate this project directory with a Firebase project.
[info] You can create multiple project aliases by running firebase use --add, 
[info] but for now we'll just set up a default project.
[info] 
[debug] [2024-01-23T10:25:36.379Z] Using project from CLI flag: ruizperezignacio-porfolio
[debug] [2024-01-23T10:25:36.382Z] > refreshing access token with scopes: []
[debug] [2024-01-23T10:25:36.387Z] >>> [apiv2][query] POST https://www.googleapis.com/oauth2/v3/token [none]
[debug] [2024-01-23T10:25:36.387Z] >>> [apiv2][body] POST https://www.googleapis.com/oauth2/v3/token [omitted]
[debug] [2024-01-23T10:25:36.448Z] *** [apiv2] error from fetch(https://www.googleapis.com/oauth2/v3/token, {"headers":{},"method":"POST","body":{"_overheadLength":545,"_valueLength":212,"_valuesToMeasure":[],"writable":false,"readable":true,"dataSize":0,"maxDataSize":2097152,"pauseStreams":true,"_released":true,"_streams":[],"_currentStream":null,"_insideLoop":false,"_pendingNext":false,"_boundary":"--------------------------309326691847170253759931","_events":{},"_eventsCount":1}}): FetchError: request to https://www.googleapis.com/oauth2/v3/token failed, reason: getaddrinfo ENOTFOUND www.googleapis.com
[debug] [2024-01-23T10:25:36.449Z] Authentication Error: Your credentials are no longer valid. Please run firebase login --reauth

For CI servers and headless environments, generate a new token with firebase login:ci
[debug] [2024-01-23T10:25:36.450Z] FirebaseError: Authentication Error: Your credentials are no longer valid. Please run firebase login --reauth

For CI servers and headless environments, generate a new token with firebase login:ci
    at invalidCredentialError (C:\Users\Usuario\AppData\Roaming\npm\node_modules\firebase-tools\lib\auth.js:142:12)
    at refreshTokens (C:\Users\Usuario\AppData\Roaming\npm\node_modules\firebase-tools\lib\auth.js:506:15)
    at process.processTicksAndRejections (node:internal/process/task_queues:95:5)
    at async Client.getAccessToken (C:\Users\Usuario\AppData\Roaming\npm\node_modules\firebase-tools\lib\apiv2.js:156:22)
    at async Client.addAuthHeader (C:\Users\Usuario\AppData\Roaming\npm\node_modules\firebase-tools\lib\apiv2.js:147:21)
    at async Client.request (C:\Users\Usuario\AppData\Roaming\npm\node_modules\firebase-tools\lib\apiv2.js:103:34)
    at async getFirebaseProject (C:\Users\Usuario\AppData\Roaming\npm\node_modules\firebase-tools\lib\management\projects.js:295:21)
    at async doSetup (C:\Users\Usuario\AppData\Roaming\npm\node_modules\firebase-tools\lib\init\features\project.js:85:27)
    at async init (C:\Users\Usuario\AppData\Roaming\npm\node_modules\firebase-tools\lib\init\index.js:37:9)
[error] 
[error] Error: Failed to get Firebase project ruizperezignacio-porfolio. Please make sure the project exists and your account has permission to access it.
